Build starting...
Build image: default
Start: Sat Feb 21 14:20:33 UTC 2026 ebd52d126ab8
Git:
v1.0.5-0-ge353dd6
commit e353dd6e65fe3e616215a5da7ac43f4dbd448d4b
Author: Anurag Sharma 
Date:   Sat Feb 21 19:49:45 2026 +0530

    add failsafe parameter name discovery via Spring MVC annotations


Init SDKMan

Running JDK install command:
sdk install java 21.0.2-open;sdk use java 21.0.2-open
[1;33mWe periodically need to update the local cache. Please run:[0m

  $ sdk update

[1;36mBroadcasts discontinued. Please follow @sdkman_ on Twitter for announcements.[0m

Downloading: java 21.0.2-open

In progress...


Repackaging Java 21.0.2-open...

Done repackaging...

[1;32mInstalling: java 21.0.2-open[0m
[1;32mDone installing![0m


[1;32mSetting java 21.0.2-open as default.[0m
[1;33mWe periodically need to update the local cache. Please run:[0m

  $ sdk update


[1;32mUsing java version 21.0.2-open in this shell.[0m
Maven wrapper script found
Picked up JAVA_TOOL_OPTIONS: -Dfile.encoding=UTF-8 -Dhttps.protocols=TLSv1.2
Apache Maven 3.9.12 (848fbb4bf2d427b72bdb2471c22fced7ebd9a7a1)
Maven home: /home/jitpack/.m2/wrapper/dists/apache-maven-3.9.12/6068d197
Java version: 21.0.2, vendor: Oracle Corporation, runtime: /home/jitpack/.sdkman/candidates/java/21.0.2-open
Default locale: en, platform encoding: UTF-8
OS name: "linux", version: "4.18.0-25-generic", arch: "amd64", family: "unix"

JAVA_HOME=/home/jitpack/.sdkman/candidates/java/21.0.2-open
Running: ./mvnw clean install -DskipTests

Picked up JAVA_TOOL_OPTIONS: -Dfile.encoding=UTF-8 -Dhttps.protocols=TLSv1.2
[INFO] Scanning for projects...
[INFO] 
[INFO] ------------< io.github.anurrags:etag-spring-boot-starter >-------------
[INFO] Building etag-spring-boot-starter 0.0.1-SNAPSHOT
[INFO]   from pom.xml
[INFO] --------------------------------[ jar ]---------------------------------
[INFO] 
[INFO] --- clean:3.4.1:clean (default-clean) @ etag-spring-boot-starter ---
[INFO] 
[INFO] --- resources:3.3.1:resources (default-resources) @ etag-spring-boot-starter ---
[INFO] Copying 1 resource from src/main/resources to target/classes
[INFO] Copying 1 resource from src/main/resources to target/classes
[INFO] 
[INFO] --- compiler:3.14.1:compile (default-compile) @ etag-spring-boot-starter ---
[INFO] Recompiling the module because of changed source code.
[INFO] Compiling 5 source files with javac [debug parameters release 21] to target/classes
[INFO] Annotation processing is enabled because one or more processors were found
  on the class path. A future release of javac may disable annotation processing
  unless at least one processor is specified by name (-processor), or a search
  path is specified (--processor-path, --processor-module-path), or annotation
  processing is enabled explicitly (-proc:only, -proc:full).
  Use -Xlint:-options to suppress this message.
  Use -proc:none to disable annotation processing.
[INFO] 
[INFO] --- resources:3.3.1:testResources (default-testResources) @ etag-spring-boot-starter ---
[INFO] skip non existing resourceDirectory /home/jitpack/build/src/test/resources
[INFO] 
[INFO] --- compiler:3.14.1:testCompile (default-testCompile) @ etag-spring-boot-starter ---
[INFO] Recompiling the module because of changed dependency.
[INFO] Compiling 2 source files with javac [debug parameters release 21] to target/test-classes
[INFO] Annotation processing is enabled because one or more processors were found
  on the class path. A future release of javac may disable annotation processing
  unless at least one processor is specified by name (-processor), or a search
  path is specified (--processor-path, --processor-module-path), or annotation
  processing is enabled explicitly (-proc:only, -proc:full).
  Use -Xlint:-options to suppress this message.
  Use -proc:none to disable annotation processing.
[INFO] 
[INFO] --- surefire:3.5.4:test (default-test) @ etag-spring-boot-starter ---
[INFO] Tests are skipped.
[INFO] 
[INFO] --- jar:3.4.2:jar (default-jar) @ etag-spring-boot-starter ---
[INFO] Building jar: /home/jitpack/build/target/etag-spring-boot-starter-0.0.1-SNAPSHOT.jar
[INFO] 
[INFO] --- spring-boot:3.5.11:repackage (repackage) @ etag-spring-boot-starter ---
[INFO] Attaching repackaged archive /home/jitpack/build/target/etag-spring-boot-starter-0.0.1-SNAPSHOT-exec.jar with classifier exec
[INFO] 
[INFO] --- install:3.1.4:install (default-install) @ etag-spring-boot-starter ---
[INFO] Installing /home/jitpack/build/pom.xml to /home/jitpack/.m2/repository/io/github/anurrags/etag-spring-boot-starter/0.0.1-SNAPSHOT/etag-spring-boot-starter-0.0.1-SNAPSHOT.pom
[INFO] Installing /home/jitpack/build/target/etag-spring-boot-starter-0.0.1-SNAPSHOT.jar to /home/jitpack/.m2/repository/io/github/anurrags/etag-spring-boot-starter/0.0.1-SNAPSHOT/etag-spring-boot-starter-0.0.1-SNAPSHOT.jar
[INFO] Installing /home/jitpack/build/target/etag-spring-boot-starter-0.0.1-SNAPSHOT-exec.jar to /home/jitpack/.m2/repository/io/github/anurrags/etag-spring-boot-starter/0.0.1-SNAPSHOT/etag-spring-boot-starter-0.0.1-SNAPSHOT-exec.jar
[INFO] ------------------------------------------------------------------------
[INFO] BUILD SUCCESS
[INFO] ------------------------------------------------------------------------
[INFO] Total time:  12.466 s
[INFO] Finished at: 2026-02-21T14:21:19Z
[INFO] ------------------------------------------------------------------------
Picked up JAVA_TOOL_OPTIONS: -Dfile.encoding=UTF-8 -Dhttps.protocols=TLSv1.2
Found module: io.github.anurrags:etag-spring-boot-starter:0.0.1-SNAPSHOT
Build tool exit code: 0
Looking for artifacts...
Looking for pom.xml in build directory and ~/.m2
Found artifact: io.github.anurrags:etag-spring-boot-starter:0.0.1-SNAPSHOT
2026-02-21T14:21:30.60718526Z
Exit code: 0
Creating -sources.jar

✅ Build artifacts:
com.github.anurrags:etag-spring-boot-starter:v1.0.5

Files: 
com/github/anurrags/etag-spring-boot-starter/v1.0.5
com/github/anurrags/etag-spring-boot-starter/v1.0.5/build.log
com/github/anurrags/etag-spring-boot-starter/v1.0.5/etag-spring-boot-starter-v1.0.5-exec.jar
com/github/anurrags/etag-spring-boot-starter/v1.0.5/etag-spring-boot-starter-v1.0.5-sources.jar
com/github/anurrags/etag-spring-boot-starter/v1.0.5/etag-spring-boot-starter-v1.0.5.jar
com/github/anurrags/etag-spring-boot-starter/v1.0.5/etag-spring-boot-starter-v1.0.5.pom
com/github/anurrags/etag-spring-boot-starter/v1.0.5/etag-spring-boot-starter-v1.0.5.pom.md5
com/github/anurrags/etag-spring-boot-starter/v1.0.5/etag-spring-boot-starter-v1.0.5.pom.sha1
com/github/anurrags/etag-spring-boot-starter/v1.0.5/maven-metadata-local.xml

